SF:lib/models/note.dart
DA:27,9
DA:37,2
DA:38,1
DA:39,1
DA:40,1
DA:41,2
DA:42,2
DA:43,1
DA:44,2
DA:47,2
DA:48,1
DA:49,1
DA:50,1
DA:51,2
DA:52,2
DA:53,1
DA:54,2
DA:57,7
DA:66,7
DA:67,7
DA:68,7
DA:69,7
DA:70,7
DA:71,7
DA:72,7
DA:73,7
DA:77,1
DA:80,1
DA:81,3
DA:82,3
DA:84,1
DA:85,2
DA:87,1
DA:88,1
DA:89,3
DA:90,2
DA:91,4
DA:95,1
DA:96,1
DA:98,1
DA:99,1
DA:101,1
DA:102,2
DA:104,1
LF:44
LH:44
end_of_record
SF:lib/data/database.dart
DA:14,4
DA:18,4
DA:20,4
DA:21,4
DA:23,4
DA:26,4
DA:27,4
DA:32,3
DA:34,3
DA:47,3
DA:55,3
DA:65,3
DA:66,3
DA:69,3
DA:70,3
DA:82,3
DA:85,0
DA:86,0
DA:88,0
DA:89,0
DA:90,0
DA:91,0
DA:93,0
DA:95,0
DA:96,0
DA:103,4
DA:104,8
DA:105,4
DA:106,8
DA:107,4
DA:111,3
DA:112,6
DA:115,3
DA:118,3
DA:119,6
DA:123,4
DA:124,8
DA:126,8
DA:128,8
DA:133,4
DA:134,8
DA:137,4
DA:142,4
DA:143,8
DA:144,12
DA:149,3
DA:150,6
DA:151,6
DA:154,3
DA:158,9
DA:163,4
DA:164,4
DA:165,4
DA:166,4
DA:167,4
DA:169,8
DA:171,8
DA:172,4
DA:173,4
DA:174,12
DA:178,4
DA:179,4
DA:180,3
DA:181,4
DA:182,4
DA:183,8
DA:184,8
DA:185,4
DA:186,8
DA:191,3
DA:192,6
DA:200,2
DA:202,4
DA:205,2
DA:208,2
DA:209,2
DA:211,4
DA:212,4
DA:213,2
DA:214,6
DA:223,2
DA:224,4
DA:227,2
DA:232,2
DA:234,4
DA:237,2
DA:242,2
DA:243,4
DA:245,2
DA:247,2
DA:251,1
DA:252,2
DA:255,1
DA:261,2
DA:262,4
DA:265,4
DA:268,2
DA:269,4
DA:275,2
DA:276,2
DA:277,2
DA:278,4
DA:279,4
DA:280,6
DA:283,2
DA:284,10
DA:285,2
DA:290,2
DA:291,2
DA:292,4
DA:295,2
DA:298,6
DA:302,0
DA:303,0
DA:308,0
DA:312,4
DA:313,4
DA:315,12
DA:316,4
DA:317,12
DA:318,4
DA:320,4
DA:324,0
LF:123
LH:110
end_of_record
SF:lib/models/tag.dart
DA:9,5
DA:14,2
DA:15,1
DA:16,1
DA:19,2
DA:20,1
DA:21,1
DA:24,1
DA:28,1
DA:29,1
DA:30,1
DA:34,1
DA:37,1
DA:38,3
DA:39,3
DA:41,1
DA:42,2
DA:44,1
DA:45,3
LF:19
LH:19
end_of_record
SF:lib/data/file_repository.dart
DA:11,2
DA:12,2
DA:14,1
DA:24,2
DA:26,2
DA:28,0
DA:29,0
DA:32,4
DA:33,0
DA:38,2
DA:39,6
DA:43,0
DA:44,0
DA:45,0
DA:49,2
DA:50,2
DA:51,4
DA:55,2
DA:56,2
DA:58,4
DA:59,2
DA:60,1
DA:62,4
DA:66,1
DA:67,1
DA:68,3
DA:69,2
DA:70,3
DA:71,7
DA:81,1
DA:82,1
DA:83,2
DA:84,1
DA:85,1
DA:91,0
DA:92,0
LF:36
LH:28
end_of_record
SF:lib/repository/note_repository.dart
DA:16,1
DA:21,1
DA:22,2
DA:25,4
DA:34,1
DA:35,2
DA:39,1
DA:40,2
DA:43,4
DA:50,1
DA:51,2
DA:52,2
DA:56,3
DA:57,1
DA:58,1
DA:59,1
DA:68,1
DA:69,2
DA:73,1
DA:74,2
DA:78,0
DA:79,0
LF:22
LH:20
end_of_record
SF:lib/models/link.dart
DA:13,1
DA:19,2
DA:20,1
DA:21,1
DA:22,1
DA:25,2
DA:26,1
DA:27,1
DA:28,1
DA:31,1
DA:36,1
DA:37,1
DA:38,1
DA:39,1
DA:43,1
DA:46,1
DA:47,3
DA:48,3
DA:49,3
DA:51,1
DA:52,3
DA:54,1
DA:56,4
DA:63,1
DA:65,2
DA:66,1
DA:67,3
DA:68,1
LF:28
LH:28
end_of_record
SF:lib/utils/markdown_parser.dart
DA:6,1
DA:7,1
DA:8,1
DA:9,1
DA:11,2
DA:12,2
DA:13,1
DA:14,1
DA:22,1
DA:23,1
DA:24,1
DA:25,4
DA:29,4
DA:32,2
DA:40,1
DA:41,1
DA:42,1
DA:43,1
DA:46,1
DA:48,2
DA:50,2
DA:53,1
DA:54,2
DA:56,1
DA:58,1
DA:68,1
DA:72,2
DA:74,2
DA:76,2
DA:77,1
DA:78,2
DA:80,1
DA:86,2
DA:88,2
DA:91,1
DA:96,2
DA:98,2
DA:101,1
DA:106,2
DA:109,1
DA:110,5
DA:114,1
DA:115,1
DA:116,1
DA:117,1
DA:118,2
DA:120,1
DA:121,1
DA:122,3
DA:123,1
DA:124,2
DA:129,1
DA:130,1
DA:131,1
DA:132,1
DA:134,1
DA:139,1
DA:140,1
DA:141,1
DA:142,1
DA:144,1
DA:149,1
DA:150,1
DA:151,2
DA:152,1
DA:155,1
DA:156,1
DA:160,1
DA:161,1
DA:162,2
DA:163,2
DA:166,1
DA:167,1
DA:168,1
DA:169,1
DA:170,1
DA:174,1
DA:178,1
DA:179,1
DA:180,1
DA:181,1
DA:182,1
DA:188,0
DA:192,1
DA:193,1
DA:195,1
DA:203,2
DA:205,2
DA:206,2
DA:207,1
DA:208,2
DA:212,1
DA:214,2
DA:216,1
DA:217,1
DA:218,2
DA:220,2
DA:222,1
DA:223,1
DA:224,2
DA:226,1
DA:228,2
DA:229,1
DA:230,2
DA:234,2
DA:237,1
DA:241,2
DA:242,2
DA:244,1
DA:251,4
DA:253,4
DA:254,4
DA:255,4
DA:256,4
DA:257,4
DA:260,4
DA:263,1
DA:264,1
DA:265,1
DA:266,1
DA:269,1
DA:272,1
DA:273,1
DA:274,1
DA:275,1
DA:278,1
DA:282,0
DA:289,4
DA:294,2
DA:295,4
DA:296,4
DA:299,4
DA:301,8
DA:303,8
DA:305,1
DA:306,2
DA:307,2
DA:308,1
DA:311,1
DA:312,1
DA:315,1
DA:325,1
DA:329,8
DA:332,8
DA:334,8
DA:335,4
DA:336,12
DA:341,8
DA:343,2
DA:344,3
DA:345,1
DA:346,2
DA:354,8
DA:356,2
DA:357,2
DA:358,1
DA:359,2
DA:367,4
DA:368,4
DA:376,4
DA:382,4
DA:383,4
DA:391,8
DA:393,8
DA:394,8
DA:395,8
DA:396,8
DA:400,4
DA:402,6
DA:404,2
DA:405,2
DA:406,4
DA:408,2
DA:410,2
DA:415,5
DA:417,1
DA:418,1
DA:419,2
DA:421,1
DA:423,1
DA:428,4
DA:430,8
DA:431,4
DA:432,8
DA:434,4
DA:435,6
DA:436,4
DA:438,4
DA:439,8
DA:440,4
DA:441,4
DA:442,8
DA:444,4
DA:446,4
DA:447,4
DA:451,4
DA:460,4
DA:462,2
DA:463,2
DA:470,4
DA:474,12
DA:475,8
DA:476,4
DA:477,8
DA:489,1
DA:508,1
DA:510,0
DA:511,0
DA:517,4
LF:209
LH:205
end_of_record
SF:lib/widgets/preview_pane.dart
DA:10,4
DA:16,4
DA:18,8
DA:20,8
DA:21,3
DA:22,3
DA:24,3
DA:25,3
DA:27,3
DA:28,6
DA:36,4
DA:37,4
DA:38,4
DA:42,4
DA:43,4
DA:44,4
DA:46,4
DA:47,4
DA:49,4
DA:50,4
LF:20
LH:20
end_of_record
SF:lib/data/file_picker.dart
DA:8,0
DA:10,0
DA:12,0
DA:16,0
DA:17,0
DA:19,0
DA:20,0
DA:24,0
DA:31,0
DA:33,0
DA:35,0
DA:39,0
DA:40,0
DA:41,0
DA:42,0
DA:43,0
DA:46,0
DA:49,0
DA:53,0
DA:55,0
DA:60,0
DA:61,0
DA:64,0
LF:23
LH:0
end_of_record
SF:lib/screens/editor_screen.dart
DA:25,2
DA:27,2
DA:28,2
DA:44,10
DA:46,2
DA:48,2
DA:49,6
DA:50,4
DA:51,2
DA:54,2
DA:56,4
DA:57,4
DA:58,4
DA:59,4
DA:60,2
DA:63,0
DA:65,0
DA:66,0
DA:70,2
DA:72,4
DA:73,8
DA:74,2
DA:75,6
DA:76,4
DA:79,0
DA:80,0
DA:83,2
DA:84,6
DA:89,2
DA:90,2
DA:91,6
DA:92,2
DA:94,4
DA:97,2
DA:98,4
DA:100,6
DA:102,4
DA:103,8
DA:105,6
DA:107,2
DA:110,0
DA:111,0
DA:112,0
DA:113,0
DA:114,0
DA:115,0
DA:120,8
DA:121,2
DA:124,2
DA:125,4
DA:126,2
DA:127,2
DA:129,2
DA:130,4
DA:131,0
DA:135,0
DA:136,0
DA:137,0
DA:138,0
DA:144,1
DA:145,2
DA:147,1
DA:150,0
DA:152,1
DA:153,1
DA:154,2
DA:155,2
DA:157,1
DA:158,1
DA:159,0
DA:162,1
DA:163,2
DA:170,2
DA:171,3
DA:175,1
DA:176,1
DA:177,1
DA:180,1
DA:181,4
DA:187,0
DA:188,0
DA:189,0
DA:191,0
DA:195,0
DA:196,0
DA:197,0
DA:198,0
DA:203,0
DA:204,0
DA:205,0
DA:208,0
DA:209,0
DA:216,0
DA:217,0
DA:221,1
DA:222,1
DA:224,1
DA:225,1
DA:226,2
DA:231,1
DA:232,1
DA:233,0
DA:236,1
DA:237,0
DA:247,2
DA:249,4
DA:251,2
DA:252,2
DA:253,1
DA:255,1
DA:256,0
DA:257,0
DA:260,2
DA:261,2
DA:263,2
DA:264,2
DA:265,2
DA:266,2
DA:267,2
DA:269,2
DA:271,2
DA:272,2
DA:273,2
DA:275,2
DA:277,2
DA:278,2
DA:285,2
DA:286,0
DA:288,0
DA:291,0
DA:293,0
DA:297,2
DA:298,2
DA:301,2
DA:305,2
DA:307,2
DA:308,0
DA:309,0
DA:310,0
DA:311,0
DA:314,2
DA:315,0
DA:316,0
DA:317,0
DA:318,0
DA:321,2
DA:322,2
DA:323,2
DA:325,2
DA:326,2
DA:327,2
DA:332,2
DA:334,2
DA:335,4
DA:336,2
LF:155
LH:106
end_of_record
SF:lib/widgets/editor_pane.dart
DA:10,3
DA:17,3
DA:18,3
DA:26,3
DA:28,6
DA:29,3
DA:32,2
DA:33,10
DA:34,4
DA:37,2
DA:38,2
DA:40,4
DA:41,2
DA:42,2
DA:44,8
DA:46,1
DA:47,1
DA:48,1
DA:49,1
DA:50,1
DA:52,2
DA:54,1
DA:55,5
DA:60,4
DA:61,2
DA:64,2
DA:66,4
DA:68,2
DA:69,4
DA:74,4
DA:77,1
DA:78,1
DA:80,2
DA:81,1
DA:82,1
DA:83,2
DA:87,4
DA:88,1
DA:92,1
DA:93,1
DA:94,1
DA:96,3
DA:99,1
DA:101,0
DA:103,0
DA:106,0
DA:108,0
DA:109,0
DA:113,1
DA:118,2
DA:120,1
DA:121,2
DA:126,2
DA:129,1
DA:130,2
DA:131,5
DA:132,2
DA:133,3
DA:134,2
DA:137,1
DA:138,2
DA:139,5
DA:140,2
DA:141,3
DA:142,2
DA:145,3
DA:147,6
DA:149,3
DA:150,3
DA:151,3
DA:152,3
DA:153,8
DA:154,3
DA:155,3
DA:156,6
DA:157,3
DA:158,6
DA:159,3
DA:163,3
DA:177,8
DA:183,2
DA:184,4
DA:186,2
DA:188,2
DA:189,2
DA:190,2
DA:191,2
DA:192,4
DA:196,2
DA:197,2
DA:198,2
DA:201,4
DA:203,2
DA:206,2
DA:208,2
DA:211,2
DA:213,2
DA:216,2
DA:218,2
DA:221,2
DA:224,2
DA:227,2
DA:229,2
DA:232,2
DA:239,2
DA:244,6
DA:246,2
DA:248,2
DA:250,2
DA:251,2
DA:253,2
DA:256,4
DA:263,2
DA:264,4
DA:265,6
DA:266,2
DA:267,2
DA:268,2
DA:270,2
DA:272,2
DA:273,2
DA:274,2
DA:275,2
DA:276,2
DA:277,2
DA:279,2
DA:280,4
DA:290,2
DA:291,4
DA:292,4
DA:295,2
DA:296,2
DA:297,3
LF:133
LH:128
end_of_record
SF:lib/screens/home_screen.dart
DA:29,2
DA:31,2
DA:32,2
DA:57,2
DA:58,4
DA:59,2
DA:60,6
DA:64,2
DA:65,4
DA:66,2
DA:67,4
DA:71,1
DA:72,2
DA:73,3
DA:74,0
DA:75,0
DA:76,0
DA:79,3
DA:84,2
DA:85,4
DA:86,2
DA:87,2
DA:88,4
DA:90,6
DA:92,2
DA:93,2
DA:94,0
DA:97,2
DA:98,4
DA:99,2
DA:100,8
DA:106,4
DA:108,4
DA:109,4
DA:111,2
DA:112,2
DA:114,0
DA:119,2
DA:121,2
DA:122,6
DA:123,2
DA:126,2
DA:128,4
DA:129,4
DA:130,2
DA:133,2
DA:135,4
DA:136,4
DA:137,2
DA:138,4
DA:139,2
DA:140,2
DA:141,2
DA:145,2
DA:146,4
DA:147,6
DA:148,4
DA:150,2
DA:151,4
DA:152,2
DA:158,0
DA:159,0
DA:160,0
DA:164,2
DA:165,3
DA:167,4
DA:168,2
DA:171,2
DA:172,1
DA:176,6
DA:177,2
DA:178,6
DA:181,4
DA:182,2
DA:183,4
DA:184,2
DA:185,2
DA:188,0
DA:189,0
DA:190,0
DA:195,1
DA:196,2
DA:197,2
DA:198,1
DA:199,1
DA:203,2
DA:204,4
DA:207,4
DA:208,6
DA:209,6
DA:210,0
DA:213,2
DA:214,2
DA:215,6
DA:216,1
DA:217,0
DA:218,1
DA:219,3
DA:220,1
DA:221,3
DA:225,2
DA:228,2
DA:229,4
DA:230,4
DA:231,2
DA:233,2
DA:236,1
DA:237,2
DA:238,3
DA:241,1
DA:242,0
DA:243,0
DA:244,1
DA:245,1
DA:246,1
DA:247,1
DA:251,1
DA:253,2
DA:254,2
DA:255,1
DA:256,2
DA:257,1
DA:258,1
DA:259,1
DA:262,0
DA:266,2
DA:268,2
DA:269,2
DA:270,2
DA:271,8
DA:273,12
DA:274,12
DA:275,2
DA:276,2
DA:278,2
DA:281,2
DA:282,2
DA:283,2
DA:286,2
DA:289,2
DA:290,2
DA:293,2
DA:294,2
DA:314,2
DA:317,2
DA:318,2
DA:333,2
DA:334,2
DA:335,2
DA:363,2
DA:364,2
DA:365,2
DA:366,2
DA:368,2
DA:370,2
DA:371,6
DA:372,10
DA:376,4
DA:377,4
DA:380,2
DA:381,2
DA:388,2
DA:389,2
DA:391,8
DA:392,2
DA:393,2
DA:394,12
DA:396,2
DA:397,2
DA:398,2
DA:403,2
DA:407,4
DA:408,2
DA:410,2
DA:419,2
DA:420,2
DA:424,2
DA:425,2
DA:426,2
DA:428,2
DA:429,2
DA:430,2
DA:433,2
DA:434,10
DA:435,2
DA:444,4
DA:449,2
DA:450,2
DA:454,4
DA:455,2
DA:456,2
DA:458,2
DA:459,12
DA:461,2
DA:462,8
DA:463,12
DA:470,2
DA:471,2
DA:472,2
DA:474,4
DA:475,2
DA:476,4
DA:477,6
DA:478,2
DA:479,6
DA:481,1
DA:482,1
DA:484,2
DA:485,3
DA:486,0
DA:488,3
DA:490,1
DA:495,1
DA:497,2
DA:499,3
DA:501,1
DA:502,1
DA:503,0
DA:506,1
DA:507,2
DA:508,1
DA:509,4
DA:514,1
DA:516,3
DA:517,1
DA:519,0
DA:525,2
DA:528,6
DA:529,8
DA:531,2
DA:534,6
DA:535,8
DA:537,2
DA:544,2
DA:546,4
DA:547,2
DA:549,2
DA:550,4
DA:551,2
DA:552,2
DA:554,6
DA:555,4
DA:556,2
DA:561,0
DA:562,0
DA:565,0
DA:570,2
DA:573,8
DA:574,10
DA:576,2
DA:577,4
DA:578,1
DA:579,2
DA:580,4
DA:582,2
DA:583,2
DA:584,2
DA:586,2
DA:588,2
DA:589,2
DA:590,2
DA:591,2
DA:594,2
DA:595,10
DA:596,2
DA:598,2
DA:599,10
DA:602,2
DA:603,2
DA:605,2
DA:606,4
DA:607,2
DA:608,2
DA:615,1
DA:616,1
DA:617,1
DA:618,4
DA:621,4
DA:623,2
DA:624,2
DA:626,10
DA:637,2
DA:638,2
DA:639,12
DA:641,6
DA:642,12
DA:645,14
DA:647,2
DA:650,2
DA:652,8
DA:653,2
DA:656,2
DA:657,10
DA:658,2
DA:660,2
DA:661,16
DA:662,2
DA:664,8
DA:669,2
DA:670,6
DA:671,2
DA:678,2
DA:689,1
DA:690,1
DA:691,0
DA:692,0
DA:693,0
DA:695,0
DA:702,0
DA:703,0
DA:709,0
DA:710,0
DA:711,0
DA:713,0
DA:717,0
DA:722,0
DA:723,0
DA:724,0
DA:726,0
DA:727,0
DA:728,0
DA:729,0
DA:730,0
DA:731,0
DA:735,0
DA:736,0
DA:737,0
DA:742,1
DA:743,1
DA:744,0
DA:745,0
DA:749,0
DA:750,0
DA:754,0
DA:755,0
DA:757,0
DA:758,0
DA:759,0
DA:760,0
DA:763,0
DA:765,0
DA:766,0
DA:769,0
DA:773,0
DA:775,0
DA:776,0
DA:778,0
DA:779,0
DA:780,0
DA:781,0
DA:782,0
DA:783,0
DA:787,0
DA:788,0
DA:789,0
DA:796,2
DA:797,4
DA:798,2
DA:799,1
DA:803,2
DA:804,4
DA:805,8
DA:809,2
DA:810,2
DA:811,8
DA:812,8
DA:813,4
DA:815,2
DA:816,1
DA:822,3
DA:824,3
DA:825,2
DA:827,3
DA:830,2
DA:831,2
DA:833,10
DA:834,2
DA:835,2
DA:836,10
DA:838,2
DA:839,2
DA:840,10
DA:841,2
DA:843,8
DA:847,2
DA:849,2
DA:858,1
DA:859,2
DA:860,1
DA:861,1
DA:863,1
DA:867,2
DA:869,4
DA:870,2
DA:871,4
DA:872,2
DA:873,2
DA:874,4
DA:875,2
DA:878,0
DA:882,1
DA:884,1
DA:885,1
DA:887,1
DA:888,1
DA:890,2
DA:891,1
DA:892,2
DA:895,1
DA:896,1
DA:897,1
DA:898,1
DA:900,1
DA:901,2
DA:902,0
DA:903,1
DA:905,2
DA:907,1
DA:909,1
DA:920,2
DA:921,1
DA:922,1
DA:924,0
DA:925,0
DA:926,0
DA:931,0
DA:932,0
DA:936,2
DA:937,1
LF:429
LH:351
end_of_record
SF:lib/widgets/quick_capture_dialog.dart
DA:24,2
DA:26,2
DA:27,2
DA:36,2
DA:38,2
DA:39,6
DA:42,1
DA:43,1
DA:44,2
DA:47,1
DA:48,2
DA:49,1
DA:51,6
DA:52,2
DA:53,1
DA:57,2
DA:58,6
DA:59,4
DA:60,4
DA:61,2
DA:65,1
DA:66,3
DA:69,2
DA:70,12
DA:72,0
DA:73,0
DA:74,0
DA:75,0
DA:78,0
DA:79,0
DA:80,0
DA:83,0
DA:84,0
DA:89,0
DA:90,0
DA:91,0
DA:92,0
DA:97,2
DA:99,4
DA:100,4
DA:101,2
DA:104,2
DA:106,4
DA:108,2
DA:109,3
DA:110,1
DA:111,0
DA:112,0
DA:115,2
DA:117,2
DA:120,2
DA:121,2
DA:122,2
DA:130,2
DA:133,2
DA:134,2
DA:142,7
DA:144,2
DA:145,3
DA:146,8
DA:147,1
DA:149,2
DA:153,5
DA:155,1
DA:158,6
DA:161,2
DA:162,2
DA:164,2
DA:165,2
DA:166,2
DA:170,2
DA:171,2
LF:72
LH:57
end_of_record
SF:lib/screens/tag_browser_screen.dart
DA:10,2
DA:12,2
DA:13,2
DA:21,2
DA:23,2
DA:24,6
DA:25,2
DA:28,2
DA:30,4
DA:31,2
DA:32,4
DA:33,2
DA:34,2
DA:37,0
DA:38,0
DA:39,0
DA:43,2
DA:45,4
DA:47,2
DA:48,2
DA:52,2
DA:54,4
DA:55,1
DA:56,1
DA:58,1
DA:59,1
DA:61,2
DA:63,1
DA:65,1
DA:67,2
DA:73,2
DA:75,4
DA:76,1
DA:77,2
DA:78,4
DA:79,2
DA:85,2
DA:86,6
DA:88,2
DA:89,8
DA:90,2
DA:91,2
DA:92,2
DA:93,2
DA:94,2
DA:97,2
DA:98,2
DA:99,4
DA:101,2
DA:102,2
DA:103,2
DA:104,2
DA:107,2
DA:111,2
DA:112,8
DA:113,2
DA:115,4
DA:120,2
DA:122,4
LF:59
LH:56
end_of_record
